[13-Mar-2025 08:02:53 UTC] Données reçues: {"email":"vttdeadpool214@gmail.com","password":"123456"}
[13-Mar-2025 08:02:53 UTC] PHP Warning:  Undefined variable $pdos in /Applications/MAMP/htdocs/api/register.php on line 48
[13-Mar-2025 08:02:53 UTC] PHP Fatal error:  Uncaught Error: Call to a member function prepare() on null in /Applications/MAMP/htdocs/api/register.php:48
Stack trace:
#0 {main}
  thrown in /Applications/MAMP/htdocs/api/register.php on line 48
[13-Mar-2025 08:10:06 UTC] Données reçues: {"email":"vttdeadpool214@gmail.com","password":"123456"}
[13-Mar-2025 08:10:06 UTC] PHP Fatal error:  Uncaught Error: Call to undefined method PDOStatement::bind_param() in /Applications/MAMP/htdocs/api/register.php:53
Stack trace:
#0 {main}

Next Error: Call to undefined method PDOStatement::close() in /Applications/MAMP/htdocs/api/register.php:94
Stack trace:
#0 {main}
  thrown in /Applications/MAMP/htdocs/api/register.php on line 94
[13-Mar-2025 08:10:07 UTC] Données reçues: {"email":"vttdeadpool214@gmail.com","password":"123456"}
[13-Mar-2025 08:10:07 UTC] PHP Fatal error:  Uncaught Error: Call to undefined method PDOStatement::bind_param() in /Applications/MAMP/htdocs/api/register.php:53
Stack trace:
#0 {main}

Next Error: Call to undefined method PDOStatement::close() in /Applications/MAMP/htdocs/api/register.php:94
Stack trace:
#0 {main}
  thrown in /Applications/MAMP/htdocs/api/register.php on line 94
[13-Mar-2025 08:11:15 UTC] Données reçues: {"email":"vttdeadpool214@gmail.com","password":"123456"}
[13-Mar-2025 08:11:15 UTC] PHP Fatal error:  Uncaught Error: Call to undefined method PDOStatement::bind_param() in /Applications/MAMP/htdocs/api/register.php:53
Stack trace:
#0 {main}

Next Error: Call to undefined method PDOStatement::close() in /Applications/MAMP/htdocs/api/register.php:94
Stack trace:
#0 {main}
  thrown in /Applications/MAMP/htdocs/api/register.php on line 94
[13-Mar-2025 08:11:16 UTC] Données reçues: {"email":"vttdeadpool214@gmail.com","password":"123456"}
[13-Mar-2025 08:11:16 UTC] PHP Fatal error:  Uncaught Error: Call to undefined method PDOStatement::bind_param() in /Applications/MAMP/htdocs/api/register.php:53
Stack trace:
#0 {main}

Next Error: Call to undefined method PDOStatement::close() in /Applications/MAMP/htdocs/api/register.php:94
Stack trace:
#0 {main}
  thrown in /Applications/MAMP/htdocs/api/register.php on line 94
[13-Mar-2025 08:13:14 UTC] Erreur PDO: SQLSTATE[23000]: Integrity constraint violation: 1452 Cannot add or update a child row: a foreign key constraint fails (`haras_des_neuilles`.`utilisateurs`, CONSTRAINT `fk_refrole` FOREIGN KEY (`RefRole`) REFERENCES `role` (`IdU`) ON DELETE RESTRICT ON UPDATE RESTRICT)
[13-Mar-2025 08:13:15 UTC] Erreur PDO: SQLSTATE[23000]: Integrity constraint violation: 1452 Cannot add or update a child row: a foreign key constraint fails (`haras_des_neuilles`.`utilisateurs`, CONSTRAINT `fk_refrole` FOREIGN KEY (`RefRole`) REFERENCES `role` (`IdU`) ON DELETE RESTRICT ON UPDATE RESTRICT)
[13-Mar-2025 08:13:15 UTC] Erreur PDO: SQLSTATE[23000]: Integrity constraint violation: 1452 Cannot add or update a child row: a foreign key constraint fails (`haras_des_neuilles`.`utilisateurs`, CONSTRAINT `fk_refrole` FOREIGN KEY (`RefRole`) REFERENCES `role` (`IdU`) ON DELETE RESTRICT ON UPDATE RESTRICT)
[13-Mar-2025 08:13:16 UTC] Erreur PDO: SQLSTATE[23000]: Integrity constraint violation: 1452 Cannot add or update a child row: a foreign key constraint fails (`haras_des_neuilles`.`utilisateurs`, CONSTRAINT `fk_refrole` FOREIGN KEY (`RefRole`) REFERENCES `role` (`IdU`) ON DELETE RESTRICT ON UPDATE RESTRICT)
[13-Mar-2025 08:13:16 UTC] Erreur PDO: SQLSTATE[23000]: Integrity constraint violation: 1452 Cannot add or update a child row: a foreign key constraint fails (`haras_des_neuilles`.`utilisateurs`, CONSTRAINT `fk_refrole` FOREIGN KEY (`RefRole`) REFERENCES `role` (`IdU`) ON DELETE RESTRICT ON UPDATE RESTRICT)
[13-Mar-2025 08:13:17 UTC] Erreur PDO: SQLSTATE[23000]: Integrity constraint violation: 1452 Cannot add or update a child row: a foreign key constraint fails (`haras_des_neuilles`.`utilisateurs`, CONSTRAINT `fk_refrole` FOREIGN KEY (`RefRole`) REFERENCES `role` (`IdU`) ON DELETE RESTRICT ON UPDATE RESTRICT)
[13-Mar-2025 08:13:17 UTC] Erreur PDO: SQLSTATE[23000]: Integrity constraint violation: 1452 Cannot add or update a child row: a foreign key constraint fails (`haras_des_neuilles`.`utilisateurs`, CONSTRAINT `fk_refrole` FOREIGN KEY (`RefRole`) REFERENCES `role` (`IdU`) ON DELETE RESTRICT ON UPDATE RESTRICT)
[13-Mar-2025 08:14:04 UTC] Erreur PDO: SQLSTATE[23000]: Integrity constraint violation: 1452 Cannot add or update a child row: a foreign key constraint fails (`haras_des_neuilles`.`utilisateurs`, CONSTRAINT `fk_refrole` FOREIGN KEY (`RefRole`) REFERENCES `role` (`IdU`) ON DELETE RESTRICT ON UPDATE RESTRICT)
[13-Mar-2025 08:14:06 UTC] Erreur PDO: SQLSTATE[23000]: Integrity constraint violation: 1452 Cannot add or update a child row: a foreign key constraint fails (`haras_des_neuilles`.`utilisateurs`, CONSTRAINT `fk_refrole` FOREIGN KEY (`RefRole`) REFERENCES `role` (`IdU`) ON DELETE RESTRICT ON UPDATE RESTRICT)
[13-Mar-2025 08:14:06 UTC] Erreur PDO: SQLSTATE[23000]: Integrity constraint violation: 1452 Cannot add or update a child row: a foreign key constraint fails (`haras_des_neuilles`.`utilisateurs`, CONSTRAINT `fk_refrole` FOREIGN KEY (`RefRole`) REFERENCES `role` (`IdU`) ON DELETE RESTRICT ON UPDATE RESTRICT)
[13-Mar-2025 08:14:06 UTC] Erreur PDO: SQLSTATE[23000]: Integrity constraint violation: 1452 Cannot add or update a child row: a foreign key constraint fails (`haras_des_neuilles`.`utilisateurs`, CONSTRAINT `fk_refrole` FOREIGN KEY (`RefRole`) REFERENCES `role` (`IdU`) ON DELETE RESTRICT ON UPDATE RESTRICT)
[13-Mar-2025 08:14:06 UTC] Erreur PDO: SQLSTATE[23000]: Integrity constraint violation: 1452 Cannot add or update a child row: a foreign key constraint fails (`haras_des_neuilles`.`utilisateurs`, CONSTRAINT `fk_refrole` FOREIGN KEY (`RefRole`) REFERENCES `role` (`IdU`) ON DELETE RESTRICT ON UPDATE RESTRICT)
